resolving dependencies...
looking for conflicting packages...

Package (1)  New Version  Net Change

extra/meld   3.22.0-2       5.06 MiB

Total Installed Size:  5.06 MiB

:: Proceed with installation? [Y/n] 
checking keyring...
checking package integrity...
loading package files...
checking for file conflicts...
checking available disk space...
:: Processing package changes...
installing meld...
:: Running post-transaction hooks...
(1/5) Arming ConditionNeedsUpdate...
(2/5) Updating the MIME type database...
(3/5) Compiling GSettings XML schema files...
(4/5) Updating icon theme caches...
(5/5) Updating the desktop file MIME type cache...
resolving dependencies...
looking for conflicting packages...

Package (1)  New Version  Net Change

extra/lsd    1.0.0-1        3.09 MiB

Total Installed Size:  3.09 MiB

:: Proceed with installation? [Y/n] 
checking keyring...
checking package integrity...
loading package files...
checking for file conflicts...
checking available disk space...
:: Processing package changes...
installing lsd...
Optional dependencies for lsd
    nerd-fonts
    awesome-terminal-fonts
:: Running post-transaction hooks...
(1/1) Arming ConditionNeedsUpdate...
resolving dependencies...
looking for conflicting packages...

Package (1)  New Version  Net Change

extra/lsd    1.0.0-1        3.09 MiB

Total Installed Size:  3.09 MiB

:: Proceed with installation? [Y/n] 
checking keyring...
checking package integrity...
loading package files...
checking for file conflicts...
checking available disk space...
:: Processing package changes...
installing lsd...
Optional dependencies for lsd
    nerd-fonts
    awesome-terminal-fonts
:: Running post-transaction hooks...
(1/1) Arming ConditionNeedsUpdate...
resolving dependencies...
looking for conflicting packages...

Package (1)  New Version  Net Change

extra/meld   3.22.0-2       5.06 MiB

Total Installed Size:  5.06 MiB

:: Proceed with installation? [Y/n] 
checking keyring...
checking package integrity...
loading package files...
checking for file conflicts...
checking available disk space...
:: Processing package changes...
installing meld...
:: Running post-transaction hooks...
(1/5) Arming ConditionNeedsUpdate...
(2/5) Updating the MIME type database...
(3/5) Compiling GSettings XML schema files...
(4/5) Updating icon theme caches...
(5/5) Updating the desktop file MIME type cache...
